app/build/outputs/logs/manifest-merger-debug-report.txt
-- Merging decision tree log ---
manifest
ADDED from src\main\AndroidManifest.xml:2:1-132:12
INJECTED from src\main\AndroidManifest.xml:2:1-132:12
INJECTED from src\main\AndroidManifest.xml:2:1-132:12
INJECTED from src\main\AndroidManifest.xml:2:1-132:12
MERGED from [io.reactivex.rxjava2:rxandroid:2.0.1] AndroidManifest.xml:15:1-21:12
MERGED from [com.journeyapps:zxing-android-embedded:3.3.0] AndroidManifest.xml:17:1-55:12
MERGED from [:PushSDK] AndroidManifest.xml:2:1-162:12
MERGED from [com.tencent.bugly:crashreport:2.6.6.1] AndroidManifest.xml:2:1-9:12
MERGED from [com.google.android:multidex:0.1] AndroidManifest.xml:17:1-22:12
MERGED from [com.alipay.euler:andfix:0.3.1] AndroidManifest.xml:2:1-14:12
MERGED from [com.jakewharton:butterknife:8.8.1] AndroidManifest.xml:2:1-7:12
MERGED from [com.recker.flybanner:flybanner:1.3] AndroidManifest.xml:2:1-19:12
MERGED from [com.android.support:cardview-v7:26.1.0] AndroidManifest.xml:17:1-28:12
MERGED from [com.jaeger.statusbarutil:library:1.4.0] AndroidManifest.xml:2:1-13:12
MERGED from [com.zhy:percent-support-extends:1.0.1] AndroidManifest.xml:2:1-16:12
MERGED from [com.android.support:design:26.1.0] AndroidManifest.xml:17:1-31:12
MERGED from [com.android.support:appcompat-v7:26.1.0] AndroidManifest.xml:17:1-31:12
MERGED from [com.android.support.constraint:constraint-layout:1.0.2] AndroidManifest.xml:2:1-11:12
MERGED from [com.android.support:transition:26.1.0] AndroidManifest.xml:17:1-28:12
MERGED from [com.android.support:support-v4:26.1.0] AndroidManifest.xml:17:1-31:12
MERGED from [com.android.support:recyclerview-v7:26.1.0] AndroidManifest.xml:17:1-28:12
MERGED from [com.android.support:support-fragment:26.1.0] AndroidManifest.xml:17:1-31:12
MERGED from [com.android.support:animated-vector-drawable:26.1.0] AndroidManifest.xml:17:1-28:12
MERGED from [com.android.support:support-core-ui:26.1.0] AndroidManifest.xml:17:1-31:12
MERGED from [com.android.support:support-media-compat:26.1.0] AndroidManifest.xml:17:1-31:12
MERGED from [com.android.support:support-core-utils:26.1.0] AndroidManifest.xml:17:1-31:12
MERGED from [com.android.support:support-vector-drawable:26.1.0] AndroidManifest.xml:17:1-28:12
MERGED from [com.android.support:support-compat:26.1.0] AndroidManifest.xml:17:1-31:12
MERGED from [android.arch.lifecycle:runtime:1.0.0] AndroidManifest.xml:17:1-30:12
INJECTED from src\main\AndroidManifest.xml:2:1-132:12
INJECTED from src\main\AndroidManifest.xml:2:1-132:12
INJECTED from src\main\AndroidManifest.xml:2:1-132:12
	package
		ADDED from src\main\AndroidManifest.xml:3:5-46
		INJECTED from src\main\AndroidManifest.xml
		INJECTED from src\main\AndroidManifest.xml
	android:versionName
		INJECTED from src\main\AndroidManifest.xml
		ADDED from src\main\AndroidManifest.xml:2:1-132:12
		INJECTED from src\main\AndroidManifest.xml
	android:versionCode
		INJECTED from src\main\AndroidManifest.xml
		ADDED from src\main\AndroidManifest.xml:2:1-132:12
		INJECTED from src\main\AndroidManifest.xml
	xmlns:android
		ADDED from src\main\AndroidManifest.xml:2:11-69
uses-permission#android.permission.ACCESS_NETWORK_STATE
ADDED from src\main\AndroidManifest.xml:6:5-79
MERGED from [:PushSDK] AndroidManifest.xml:12:5-79
MERGED from [:PushSDK] AndroidManifest.xml:12:5-79
	android:name
		ADDED from src\main\AndroidManifest.xml:6:22-76
uses-permission#android.permission.ACCESS_WIFI_STATE
ADDED from src\main\AndroidManifest.xml:7:5-76
MERGED from [:PushSDK] AndroidManifest.xml:13:5-76
MERGED from [:PushSDK] AndroidManifest.xml:13:5-76
	android:name
		ADDED from src\main\AndroidManifest.xml:7:22-73
uses-permission#android.permission.READ_PHONE_STATE
ADDED from src\main\AndroidManifest.xml:8:5-75
MERGED from [:PushSDK] AndroidManifest.xml:16:5-75
MERGED from [:PushSDK] AndroidManifest.xml:16:5-75
	android:name
		ADDED from src\main\AndroidManifest.xml:8:22-72
uses-permission#android.permission.WRITE_EXTERNAL_STORAGE
ADDED from src\main\AndroidManifest.xml:9:5-81
MERGED from [:PushSDK] AndroidManifest.xml:14:5-81
MERGED from [:PushSDK] AndroidManifest.xml:14:5-81
	android:name
		ADDED from src\main\AndroidManifest.xml:9:22-78
uses-permission#android.permission.READ_EXTERNAL_STORAGE
ADDED from src\main\AndroidManifest.xml:10:5-80
	android:name
		ADDED from src\main\AndroidManifest.xml:10:22-77
uses-permission#android.permission.INTERNET
ADDED from src\main\AndroidManifest.xml:11:5-67
MERGED from [:PushSDK] AndroidManifest.xml:11:5-67
MERGED from [:PushSDK] AndroidManifest.xml:11:5-67
MERGED from [com.recker.flybanner:flybanner:1.3] AndroidManifest.xml:11:5-67
MERGED from [com.recker.flybanner:flybanner:1.3] AndroidManifest.xml:11:5-67
	android:name
		ADDED from src\main\AndroidManifest.xml:11:22-64
uses-permission#android.permission.ACCESS_FINE_LOCATION
ADDED from src\main\AndroidManifest.xml:12:5-79
	android:name
		ADDED from src\main\AndroidManifest.xml:12:22-76
uses-permission#android.permission.ACCESS_COARSE_LOCATION
ADDED from src\main\AndroidManifest.xml:13:5-81
	android:name
		ADDED from src\main\AndroidManifest.xml:13:22-78
uses-permission#android.permission.ACCESS_LOCATION_EXTRA_COMMANDS
ADDED from src\main\AndroidManifest.xml:14:5-89
	android:name
		ADDED from src\main\AndroidManifest.xml:14:22-86
uses-permission#android.permission.READ_LOGS
ADDED from src\main\AndroidManifest.xml:21:5-68
	android:name
		ADDED from src\main\AndroidManifest.xml:21:22-65
application
ADDED from src\main\AndroidManifest.xml:23:5-130:19
MERGED from [com.journeyapps:zxing-android-embedded:3.3.0] AndroidManifest.xml:45:5-53:19
MERGED from [com.journeyapps:zxing-android-embedded:3.3.0] AndroidManifest.xml:45:5-53:19
MERGED from [:PushSDK] AndroidManifest.xml:27:5-160:19
MERGED from [:PushSDK] AndroidManifest.xml:27:5-160:19
MERGED from [com.alipay.euler:andfix:0.3.1] AndroidManifest.xml:11:5-12:19
MERGED from [com.alipay.euler:andfix:0.3.1] AndroidManifest.xml:11:5-12:19
MERGED from [com.recker.flybanner:flybanner:1.3] AndroidManifest.xml:13:5-17:19
MERGED from [com.recker.flybanner:flybanner:1.3] AndroidManifest.xml:13:5-17:19
MERGED from [com.android.support:cardview-v7:26.1.0] AndroidManifest.xml:22:5-26:19
MERGED from [com.android.support:cardview-v7:26.1.0] AndroidManifest.xml:22:5-26:19
MERGED from [com.jaeger.statusbarutil:library:1.4.0] AndroidManifest.xml:11:5-20
MERGED from [com.jaeger.statusbarutil:library:1.4.0] AndroidManifest.xml:11:5-20
MERGED from [com.zhy:percent-support-extends:1.0.1] AndroidManifest.xml:11:5-14:19
MERGED from [com.zhy:percent-support-extends:1.0.1] AndroidManifest.xml:11:5-14:19
MERGED from [com.android.support:design:26.1.0] AndroidManifest.xml:25:5-29:19
MERGED from [com.android.support:design:26.1.0] AndroidManifest.xml:25:5-29:19
MERGED from [com.android.support:appcompat-v7:26.1.0] AndroidManifest.xml:25:5-29:19
MERGED from [com.android.support:appcompat-v7:26.1.0] AndroidManifest.xml:25:5-29:19
MERGED from [com.android.support.constraint:constraint-layout:1.0.2] AndroidManifest.xml:9:5-20
MERGED from [com.android.support.constraint:constraint-layout:1.0.2] AndroidManifest.xml:9:5-20
MERGED from [com.android.support:transition:26.1.0] AndroidManifest.xml:22:5-26:19
MERGED from [com.android.support:transition:26.1.0] AndroidManifest.xml:22:5-26:19
MERGED from [com.android.support:support-v4:26.1.0] AndroidManifest.xml:25:5-29:19
MERGED from [com.android.support:support-v4:26.1.0] AndroidManifest.xml:25:5-29:19
MERGED from [com.android.support:recyclerview-v7:26.1.0] AndroidManifest.xml:22:5-26:19
MERGED from [com.android.support:recyclerview-v7:26.1.0] AndroidManifest.xml:22:5-26:19
MERGED from [com.android.support:support-fragment:26.1.0] AndroidManifest.xml:25:5-29:19
MERGED from [com.android.support:support-fragment:26.1.0] AndroidManifest.xml:25:5-29:19
MERGED from [com.android.support:animated-vector-drawable:26.1.0] AndroidManifest.xml:22:5-26:19
MERGED from [com.android.support:animated-vector-drawable:26.1.0] AndroidManifest.xml:22:5-26:19
MERGED from [com.android.support:support-core-ui:26.1.0] AndroidManifest.xml:25:5-29:19
MERGED from [com.android.support:support-core-ui:26.1.0] AndroidManifest.xml:25:5-29:19
MERGED from [com.android.support:support-media-compat:26.1.0] AndroidManifest.xml:25:5-29:19
MERGED from [com.android.support:support-media-compat:26.1.0] AndroidManifest.xml:25:5-29:19
MERGED from [com.android.support:support-core-utils:26.1.0] AndroidManifest.xml:25:5-29:19
MERGED from [com.android.support:support-core-utils:26.1.0] AndroidManifest.xml:25:5-29:19
MERGED from [com.android.support:support-vector-drawable:26.1.0] AndroidManifest.xml:22:5-26:19
MERGED from [com.android.support:support-vector-drawable:26.1.0] AndroidManifest.xml:22:5-26:19
MERGED from [com.android.support:support-compat:26.1.0] AndroidManifest.xml:25:5-29:19
MERGED from [com.android.support:support-compat:26.1.0] AndroidManifest.xml:25:5-29:19
MERGED from [android.arch.lifecycle:runtime:1.0.0] AndroidManifest.xml:24:5-28:19
MERGED from [android.arch.lifecycle:runtime:1.0.0] AndroidManifest.xml:24:5-28:19
	android:supportsRtl
		ADDED from src\main\AndroidManifest.xml:29:9-35
	android:label
		ADDED from src\main\AndroidManifest.xml:27:9-41
	android:roundIcon
		ADDED from src\main\AndroidManifest.xml:28:9-54
	android:icon
		ADDED from src\main\AndroidManifest.xml:26:9-43
	android:allowBackup
		ADDED from src\main\AndroidManifest.xml:25:9-35
	android:theme
		ADDED from src\main\AndroidManifest.xml:30:9-40
	android:name
		ADDED from src\main\AndroidManifest.xml:24:9-28
activity#com.admiralfivetigers.fiveghost.WelcomActivity
ADDED from src\main\AndroidManifest.xml:31:9-33:55
	android:theme
		ADDED from src\main\AndroidManifest.xml:33:13-52
	android:name
		ADDED from src\main\AndroidManifest.xml:32:13-43
activity#com.admiralfivetigers.fiveghost.MainActivity
ADDED from src\main\AndroidManifest.xml:34:9-36:55
	android:theme
		ADDED from src\main\AndroidManifest.xml:36:13-52
	android:name
		ADDED from src\main\AndroidManifest.xml:35:13-41
activity#com.admiralfivetigers.fiveghost.StartActivity
ADDED from src\main\AndroidManifest.xml:37:9-45:20
	android:theme
		ADDED from src\main\AndroidManifest.xml:39:13-52
	android:name
		ADDED from src\main\AndroidManifest.xml:38:13-42
intent-filter#android.intent.action.MAIN+android.intent.category.LAUNCHER
ADDED from src\main\AndroidManifest.xml:40:13-44:29
action#android.intent.action.MAIN
ADDED from src\main\AndroidManifest.xml:41:17-69
	android:name
		ADDED from src\main\AndroidManifest.xml:41:25-66
category#android.intent.category.LAUNCHER
ADDED from src\main\AndroidManifest.xml:43:17-77
	android:name
		ADDED from src\main\AndroidManifest.xml:43:27-74
activity#com.admiralfivetigers.fiveghost.ZxingActivity
ADDED from src\main\AndroidManifest.xml:46:9-48:55
	android:theme
		ADDED from src\main\AndroidManifest.xml:48:13-52
	android:name
		ADDED from src\main\AndroidManifest.xml:47:13-42
activity#com.admiralfivetigers.fiveghost.VersionActivity
ADDED from src\main\AndroidManifest.xml:49:9-51:55
	android:theme
		ADDED from src\main\AndroidManifest.xml:51:13-52
	android:name
		ADDED from src\main\AndroidManifest.xml:50:13-44
activity#com.admiralfivetigers.fiveghost.LoginActivity
ADDED from src\main\AndroidManifest.xml:52:9-54:55
	android:theme
		ADDED from src\main\AndroidManifest.xml:54:13-52
	android:name
		ADDED from src\main\AndroidManifest.xml:53:13-42
activity#com.admiralfivetigers.fiveghost.ScanActivity
ADDED from src\main\AndroidManifest.xml:55:9-57:55
	android:theme
		ADDED from src\main\AndroidManifest.xml:57:13-52
	android:name
		ADDED from src\main\AndroidManifest.xml:56:13-41
activity#com.admiralfivetigers.fiveghost.RegisterActivity
ADDED from src\main\AndroidManifest.xml:58:9-60:54
	android:theme
		ADDED from src\main\AndroidManifest.xml:60:13-52
	android:name
		ADDED from src\main\AndroidManifest.xml:59:13-45
activity#com.umeng.socialize.media.WBShareCallBackActivity
ADDED from src\main\AndroidManifest.xml:61:9-66:75
	android:screenOrientation
		ADDED from src\main\AndroidManifest.xml:65:13-49
	android:exported
		ADDED from src\main\AndroidManifest.xml:64:13-37
	android:configChanges
		ADDED from src\main\AndroidManifest.xml:63:13-63
	android:theme
		ADDED from src\main\AndroidManifest.xml:66:13-72
	android:name
		ADDED from src\main\AndroidManifest.xml:62:13-77
activity#com.sina.weibo.sdk.web.WeiboSdkWebActivity
ADDED from src\main\AndroidManifest.xml:67:9-71:58
	android:windowSoftInputMode
		ADDED from src\main\AndroidManifest.xml:71:13-55
	android:exported
		ADDED from src\main\AndroidManifest.xml:70:13-37
	android:configChanges
		ADDED from src\main\AndroidManifest.xml:69:13-63
	android:name
		ADDED from src\main\AndroidManifest.xml:68:13-70
activity#com.sina.weibo.sdk.share.WbShareTransActivity
ADDED from src\main\AndroidManifest.xml:72:9-81:20
	android:launchMode
		ADDED from src\main\AndroidManifest.xml:74:13-44
	android:theme
		ADDED from src\main\AndroidManifest.xml:75:13-83
	android:name
		ADDED from src\main\AndroidManifest.xml:73:13-73
intent-filter#android.intent.category.DEFAULT+com.sina.weibo.sdk.action.ACTION_SDK_REQ_ACTIVITY
ADDED from src\main\AndroidManifest.xml:76:13-80:29
action#com.sina.weibo.sdk.action.ACTION_SDK_REQ_ACTIVITY
ADDED from src\main\AndroidManifest.xml:77:17-92
	android:name
		ADDED from src\main\AndroidManifest.xml:77:25-89
category#android.intent.category.DEFAULT
ADDED from src\main\AndroidManifest.xml:79:17-76
	android:name
		ADDED from src\main\AndroidManifest.xml:79:27-73
activity#com.umeng.qq.tencent.AuthActivity
ADDED from src\main\AndroidManifest.xml:82:9-94:20
	android:launchMode
		ADDED from src\main\AndroidManifest.xml:84:13-44
	android:noHistory
		ADDED from src\main\AndroidManifest.xml:85:13-37
	android:name
		ADDED from src\main\AndroidManifest.xml:83:13-61
intent-filter#android.intent.action.VIEW+android.intent.category.BROWSABLE+android.intent.category.DEFAULT
ADDED from src\main\AndroidManifest.xml:86:13-93:29
action#android.intent.action.VIEW
ADDED from src\main\AndroidManifest.xml:87:17-69
	android:name
		ADDED from src\main\AndroidManifest.xml:87:25-66
category#android.intent.category.BROWSABLE
ADDED from src\main\AndroidManifest.xml:90:17-78
	android:name
		ADDED from src\main\AndroidManifest.xml:90:27-75
data
ADDED from src\main\AndroidManifest.xml:92:17-59
	android:scheme
		ADDED from src\main\AndroidManifest.xml:92:23-56
activity#com.umeng.qq.tencent.AssistActivity
ADDED from src\main\AndroidManifest.xml:95:9-99:75
	android:screenOrientation
		ADDED from src\main\AndroidManifest.xml:98:13-49
	android:configChanges
		ADDED from src\main\AndroidManifest.xml:97:13-74
	android:theme
		ADDED from src\main\AndroidManifest.xml:99:13-72
	android:name
		ADDED from src\main\AndroidManifest.xml:96:13-63
meta-data#UMENG_APPKEY
ADDED from src\main\AndroidManifest.xml:101:9-103:56
	android:value
		ADDED from src\main\AndroidManifest.xml:103:13-53
	android:name
		ADDED from src\main\AndroidManifest.xml:102:13-40
meta-data#UMENG_MESSAGE_SECRET
ADDED from src\main\AndroidManifest.xml:104:9-106:64
	android:value
		ADDED from src\main\AndroidManifest.xml:106:13-61
	android:name
		ADDED from src\main\AndroidManifest.xml:105:13-48
meta-data#UMENG_CHANNEL
ADDED from src\main\AndroidManifest.xml:107:9-109:42
	android:value
		ADDED from src\main\AndroidManifest.xml:109:13-39
	android:name
		ADDED from src\main\AndroidManifest.xml:108:13-41
meta-data#BUGLY_APPID
ADDED from src\main\AndroidManifest.xml:111:9-113:42
	android:value
		ADDED from src\main\AndroidManifest.xml:113:13-39
	android:name
		ADDED from src\main\AndroidManifest.xml:112:13-39
meta-data#BUGLY_APP_VERSION
ADDED from src\main\AndroidManifest.xml:115:9-117:43
	android:value
		ADDED from src\main\AndroidManifest.xml:117:13-40
	android:name
		ADDED from src\main\AndroidManifest.xml:116:13-45
meta-data#BUGLY_APP_CHANNEL
ADDED from src\main\AndroidManifest.xml:119:9-121:43
	android:value
		ADDED from src\main\AndroidManifest.xml:121:13-40
	android:name
		ADDED from src\main\AndroidManifest.xml:120:13-45
meta-data#BUGLY_ENABLE_DEBUG
ADDED from src\main\AndroidManifest.xml:123:9-125:36
	android:value
		ADDED from src\main\AndroidManifest.xml:125:13-33
	android:name
		ADDED from src\main\AndroidManifest.xml:124:13-46
activity#com.admiralfivetigers.fiveghost.AndFixActivity
ADDED from src\main\AndroidManifest.xml:127:9-129:25
	android:theme
		ADDED from src\main\AndroidManifest.xml:128:13-52
	android:name
		ADDED from src\main\AndroidManifest.xml:127:19-49
uses-sdk
INJECTED from src\main\AndroidManifest.xml reason: use-sdk injection requested
INJECTED from src\main\AndroidManifest.xml
INJECTED from src\main\AndroidManifest.xml
MERGED from [io.reactivex.rxjava2:rxandroid:2.0.1] AndroidManifest.xml:19:5-43
MERGED from [io.reactivex.rxjava2:rxandroid:2.0.1] AndroidManifest.xml:19:5-43
MERGED from [com.journeyapps:zxing-android-embedded:3.3.0] AndroidManifest.xml:19:5-43
MERGED from [com.journeyapps:zxing-android-embedded:3.3.0] AndroidManifest.xml:19:5-43
MERGED from [:PushSDK] AndroidManifest.xml:7:5-9:41
MERGED from [:PushSDK] AndroidManifest.xml:7:5-9:41
MERGED from [com.tencent.bugly:crashreport:2.6.6.1] AndroidManifest.xml:5:5-7:41
MERGED from [com.tencent.bugly:crashreport:2.6.6.1] AndroidManifest.xml:5:5-7:41
MERGED from [com.google.android:multidex:0.1] AndroidManifest.xml:20:5-43
MERGED from [com.google.android:multidex:0.1] AndroidManifest.xml:20:5-43
MERGED from [com.alipay.euler:andfix:0.3.1] AndroidManifest.xml:7:5-9:41
MERGED from [com.alipay.euler:andfix:0.3.1] AndroidManifest.xml:7:5-9:41
MERGED from [com.jakewharton:butterknife:8.8.1] AndroidManifest.xml:5:5-43
MERGED from [com.jakewharton:butterknife:8.8.1] AndroidManifest.xml:5:5-43
MERGED from [com.recker.flybanner:flybanner:1.3] AndroidManifest.xml:7:5-9:41
MERGED from [com.recker.flybanner:flybanner:1.3] AndroidManifest.xml:7:5-9:41
MERGED from [com.android.support:cardview-v7:26.1.0] AndroidManifest.xml:20:5-44
MERGED from [com.android.support:cardview-v7:26.1.0] AndroidManifest.xml:20:5-44
MERGED from [com.jaeger.statusbarutil:library:1.4.0] AndroidManifest.xml:7:5-9:41
MERGED from [com.jaeger.statusbarutil:library:1.4.0] AndroidManifest.xml:7:5-9:41
MERGED from [com.zhy:percent-support-extends:1.0.1] AndroidManifest.xml:7:5-9:41
MERGED from [com.zhy:percent-support-extends:1.0.1] AndroidManifest.xml:7:5-9:41
MERGED from [com.android.support:design:26.1.0] AndroidManifest.xml:21:5-23:62
MERGED from [com.android.support:design:26.1.0] AndroidManifest.xml:21:5-23:62
MERGED from [com.android.support:appcompat-v7:26.1.0] AndroidManifest.xml:21:5-23:78
MERGED from [com.android.support:appcompat-v7:26.1.0] AndroidManifest.xml:21:5-23:78
MERGED from [com.android.support.constraint:constraint-layout:1.0.2] AndroidManifest.xml:5:5-7:41
MERGED from [com.android.support.constraint:constraint-layout:1.0.2] AndroidManifest.xml:5:5-7:41
MERGED from [com.android.support:transition:26.1.0] AndroidManifest.xml:20:5-44
MERGED from [com.android.support:transition:26.1.0] AndroidManifest.xml:20:5-44
MERGED from [com.android.support:support-v4:26.1.0] AndroidManifest.xml:21:5-23:54
MERGED from [com.android.support:support-v4:26.1.0] AndroidManifest.xml:21:5-23:54
MERGED from [com.android.support:recyclerview-v7:26.1.0] AndroidManifest.xml:20:5-44
MERGED from [com.android.support:recyclerview-v7:26.1.0] AndroidManifest.xml:20:5-44
MERGED from [com.android.support:support-fragment:26.1.0] AndroidManifest.xml:21:5-23:60
MERGED from [com.android.support:support-fragment:26.1.0] AndroidManifest.xml:21:5-23:60
MERGED from [com.android.support:animated-vector-drawable:26.1.0] AndroidManifest.xml:20:5-44
MERGED from [com.android.support:animated-vector-drawable:26.1.0] AndroidManifest.xml:20:5-44
MERGED from [com.android.support:support-core-ui:26.1.0] AndroidManifest.xml:21:5-23:58
MERGED from [com.android.support:support-core-ui:26.1.0] AndroidManifest.xml:21:5-23:58
MERGED from [com.android.support:support-media-compat:26.1.0] AndroidManifest.xml:21:5-23:63
MERGED from [com.android.support:support-media-compat:26.1.0] AndroidManifest.xml:21:5-23:63
MERGED from [com.android.support:support-core-utils:26.1.0] AndroidManifest.xml:21:5-23:61
MERGED from [com.android.support:support-core-utils:26.1.0] AndroidManifest.xml:21:5-23:61
MERGED from [com.android.support:support-vector-drawable:26.1.0] AndroidManifest.xml:20:5-44
MERGED from [com.android.support:support-vector-drawable:26.1.0] AndroidManifest.xml:20:5-44
MERGED from [com.android.support:support-compat:26.1.0] AndroidManifest.xml:21:5-23:58
MERGED from [com.android.support:support-compat:26.1.0] AndroidManifest.xml:21:5-23:58
MERGED from [android.arch.lifecycle:runtime:1.0.0] AndroidManifest.xml:20:5-22:41
MERGED from [android.arch.lifecycle:runtime:1.0.0] AndroidManifest.xml:20:5-22:41
INJECTED from src\main\AndroidManifest.xml
INJECTED from src\main\AndroidManifest.xml
	tools:overrideLibrary
		ADDED from [com.android.support:design:26.1.0] AndroidManifest.xml:23:9-59
	android:targetSdkVersion
		INJECTED from src\main\AndroidManifest.xml
		ADDED from src\main\AndroidManifest.xml
		INJECTED from src\main\AndroidManifest.xml
	android:minSdkVersion
		INJECTED from src\main\AndroidManifest.xml
		ADDED from src\main\AndroidManifest.xml
		INJECTED from src\main\AndroidManifest.xml
uses-permission#android.permission.CAMERA
ADDED from [com.journeyapps:zxing-android-embedded:3.3.0] AndroidManifest.xml:21:5-65
	android:name
		ADDED from [com.journeyapps:zxing-android-embedded:3.3.0] AndroidManifest.xml:21:22-62
uses-feature#android.hardware.camera
ADDED from [com.journeyapps:zxing-android-embedded:3.3.0] AndroidManifest.xml:24:5-26:36
	android:required
		ADDED from [com.journeyapps:zxing-android-embedded:3.3.0] AndroidManifest.xml:26:9-33
	android:name
		ADDED from [com.journeyapps:zxing-android-embedded:3.3.0] AndroidManifest.xml:25:9-47
uses-feature#android.hardware.camera.front
ADDED from [com.journeyapps:zxing-android-embedded:3.3.0] AndroidManifest.xml:27:5-29:36
	android:required
		ADDED from [com.journeyapps:zxing-android-embedded:3.3.0] AndroidManifest.xml:29:9-33
	android:name
		ADDED from [com.journeyapps:zxing-android-embedded:3.3.0] AndroidManifest.xml:28:9-53
uses-feature#android.hardware.camera.autofocus
ADDED from [com.journeyapps:zxing-android-embedded:3.3.0] AndroidManifest.xml:32:5-34:36
	android:required
		ADDED from [com.journeyapps:zxing-android-embedded:3.3.0] AndroidManifest.xml:34:9-33
	android:name
		ADDED from [com.journeyapps:zxing-android-embedded:3.3.0] AndroidManifest.xml:33:9-57
uses-feature#android.hardware.camera.flash
ADDED from [com.journeyapps:zxing-android-embedded:3.3.0] AndroidManifest.xml:35:5-37:36
	android:required
		ADDED from [com.journeyapps:zxing-android-embedded:3.3.0] AndroidManifest.xml:37:9-33
	android:name
		ADDED from [com.journeyapps:zxing-android-embedded:3.3.0] AndroidManifest.xml:36:9-53
uses-feature#android.hardware.screen.landscape
ADDED from [com.journeyapps:zxing-android-embedded:3.3.0] AndroidManifest.xml:38:5-40:36
	android:required
		ADDED from [com.journeyapps:zxing-android-embedded:3.3.0] AndroidManifest.xml:40:9-33
	android:name
		ADDED from [com.journeyapps:zxing-android-embedded:3.3.0] AndroidManifest.xml:39:9-57
uses-feature#android.hardware.wifi
ADDED from [com.journeyapps:zxing-android-embedded:3.3.0] AndroidManifest.xml:41:5-43:36
	android:required
		ADDED from [com.journeyapps:zxing-android-embedded:3.3.0] AndroidManifest.xml:43:9-33
	android:name
		ADDED from [com.journeyapps:zxing-android-embedded:3.3.0] AndroidManifest.xml:42:9-45
activity#com.journeyapps.barcodescanner.CaptureActivity
ADDED from [com.journeyapps:zxing-android-embedded:3.3.0] AndroidManifest.xml:46:9-52:63
	android:screenOrientation
		ADDED from [com.journeyapps:zxing-android-embedded:3.3.0] AndroidManifest.xml:49:13-56
	android:clearTaskOnLaunch
		ADDED from [com.journeyapps:zxing-android-embedded:3.3.0] AndroidManifest.xml:48:13-45
	android:stateNotNeeded
		ADDED from [com.journeyapps:zxing-android-embedded:3.3.0] AndroidManifest.xml:50:13-42
	android:windowSoftInputMode
		ADDED from [com.journeyapps:zxing-android-embedded:3.3.0] AndroidManifest.xml:52:13-60
	android:theme
		ADDED from [com.journeyapps:zxing-android-embedded:3.3.0] AndroidManifest.xml:51:13-54
	android:name
		ADDED from [com.journeyapps:zxing-android-embedded:3.3.0] AndroidManifest.xml:47:13-74
uses-permission#android.permission.WAKE_LOCK
ADDED from [:PushSDK] AndroidManifest.xml:15:5-68
	android:name
		ADDED from [:PushSDK] AndroidManifest.xml:15:22-65
uses-permission#android.permission.BROADCAST_PACKAGE_ADDED
ADDED from [:PushSDK] AndroidManifest.xml:17:5-82
	android:name
		ADDED from [:PushSDK] AndroidManifest.xml:17:22-79
uses-permission#android.permission.BROADCAST_PACKAGE_CHANGED
ADDED from [:PushSDK] AndroidManifest.xml:18:5-84
	android:name
		ADDED from [:PushSDK] AndroidManifest.xml:18:22-81
uses-permission#android.permission.BROADCAST_PACKAGE_INSTALL
ADDED from [:PushSDK] AndroidManifest.xml:19:5-84
	android:name
		ADDED from [:PushSDK] AndroidManifest.xml:19:22-81
uses-permission#android.permission.BROADCAST_PACKAGE_REPLACED
ADDED from [:PushSDK] AndroidManifest.xml:20:5-85
	android:name
		ADDED from [:PushSDK] AndroidManifest.xml:20:22-82
uses-permission#android.permission.RESTART_PACKAGES
ADDED from [:PushSDK] AndroidManifest.xml:21:5-75
	android:name
		ADDED from [:PushSDK] AndroidManifest.xml:21:22-72
uses-permission#android.permission.GET_TASKS
ADDED from [:PushSDK] AndroidManifest.xml:22:5-68
	android:name
		ADDED from [:PushSDK] AndroidManifest.xml:22:22-65
uses-permission#android.permission.RECEIVE_BOOT_COMPLETED
ADDED from [:PushSDK] AndroidManifest.xml:23:5-81
	android:name
		ADDED from [:PushSDK] AndroidManifest.xml:23:22-78
uses-permission#android.permission.CHANGE_NETWORK_STATE
ADDED from [:PushSDK] AndroidManifest.xml:24:5-79
	android:name
		ADDED from [:PushSDK] AndroidManifest.xml:24:22-76
uses-permission#android.permission.CHANGE_WIFI_STATE
ADDED from [:PushSDK] AndroidManifest.xml:25:5-76
	android:name
		ADDED from [:PushSDK] AndroidManifest.xml:25:22-73
service#com.taobao.accs.ChannelService
ADDED from [:PushSDK] AndroidManifest.xml:28:9-38:19
	android:process
		ADDED from [:PushSDK] AndroidManifest.xml:31:13-39
	android:exported
		ADDED from [:PushSDK] AndroidManifest.xml:30:13-36
	android:name
		ADDED from [:PushSDK] AndroidManifest.xml:29:13-58
intent-filter#com.taobao.accs.intent.action.SERVICE
ADDED from [:PushSDK] AndroidManifest.xml:32:13-34:29
action#com.taobao.accs.intent.action.SERVICE
ADDED from [:PushSDK] AndroidManifest.xml:33:17-80
	android:name
		ADDED from [:PushSDK] AndroidManifest.xml:33:25-77
intent-filter#com.taobao.accs.intent.action.ELECTION
ADDED from [:PushSDK] AndroidManifest.xml:35:13-37:29
action#com.taobao.accs.intent.action.ELECTION
ADDED from [:PushSDK] AndroidManifest.xml:36:17-81
	android:name
		ADDED from [:PushSDK] AndroidManifest.xml:36:25-78
service#com.taobao.accs.data.MsgDistributeService
ADDED from [:PushSDK] AndroidManifest.xml:39:9-45:19
	android:exported
		ADDED from [:PushSDK] AndroidManifest.xml:41:13-36
	android:name
		ADDED from [:PushSDK] AndroidManifest.xml:40:13-69
intent-filter#com.taobao.accs.intent.action.RECEIVE
ADDED from [:PushSDK] AndroidManifest.xml:42:13-44:29
action#com.taobao.accs.intent.action.RECEIVE
ADDED from [:PushSDK] AndroidManifest.xml:43:17-80
	android:name
		ADDED from [:PushSDK] AndroidManifest.xml:43:25-77
receiver#com.taobao.accs.EventReceiver
ADDED from [:PushSDK] AndroidManifest.xml:47:9-64:20
	android:process
		ADDED from [:PushSDK] AndroidManifest.xml:49:13-39
	android:name
		ADDED from [:PushSDK] AndroidManifest.xml:48:13-57
intent-filter#android.intent.action.BOOT_COMPLETED
ADDED from [:PushSDK] AndroidManifest.xml:50:13-52:29
action#android.intent.action.BOOT_COMPLETED
ADDED from [:PushSDK] AndroidManifest.xml:51:17-79
	android:name
		ADDED from [:PushSDK] AndroidManifest.xml:51:25-76
intent-filter#android.net.conn.CONNECTIVITY_CHANGE
ADDED from [:PushSDK] AndroidManifest.xml:53:13-55:29
action#android.net.conn.CONNECTIVITY_CHANGE
ADDED from [:PushSDK] AndroidManifest.xml:54:17-79
	android:name
		ADDED from [:PushSDK] AndroidManifest.xml:54:25-76
intent-filter#android.intent.action.PACKAGE_REMOVED
ADDED from [:PushSDK] AndroidManifest.xml:56:13-60:29
action#android.intent.action.PACKAGE_REMOVED
ADDED from [:PushSDK] AndroidManifest.xml:57:17-80
	android:name
		ADDED from [:PushSDK] AndroidManifest.xml:57:25-77
intent-filter#android.intent.action.USER_PRESENT
ADDED from [:PushSDK] AndroidManifest.xml:61:13-63:29
action#android.intent.action.USER_PRESENT
ADDED from [:PushSDK] AndroidManifest.xml:62:17-77
	android:name
		ADDED from [:PushSDK] AndroidManifest.xml:62:25-74
receiver#com.taobao.accs.ServiceReceiver
ADDED from [:PushSDK] AndroidManifest.xml:65:9-74:20
	android:process
		ADDED from [:PushSDK] AndroidManifest.xml:67:13-39
	android:name
		ADDED from [:PushSDK] AndroidManifest.xml:66:13-59
intent-filter#com.taobao.accs.intent.action.COMMAND
ADDED from [:PushSDK] AndroidManifest.xml:68:13-70:29
action#com.taobao.accs.intent.action.COMMAND
ADDED from [:PushSDK] AndroidManifest.xml:69:17-80
	android:name
		ADDED from [:PushSDK] AndroidManifest.xml:69:25-77
intent-filter#com.taobao.accs.intent.action.START_FROM_AGOO
ADDED from [:PushSDK] AndroidManifest.xml:71:13-73:29
action#com.taobao.accs.intent.action.START_FROM_AGOO
ADDED from [:PushSDK] AndroidManifest.xml:72:17-88
	android:name
		ADDED from [:PushSDK] AndroidManifest.xml:72:25-85
service#com.taobao.accs.internal.AccsJobService
ADDED from [:PushSDK] AndroidManifest.xml:76:9-79:42
	android:process
		ADDED from [:PushSDK] AndroidManifest.xml:79:13-39
	android:permission
		ADDED from [:PushSDK] AndroidManifest.xml:78:13-69
	android:name
		ADDED from [:PushSDK] AndroidManifest.xml:77:13-67
service#com.taobao.accs.ChannelService$KernelService
ADDED from [:PushSDK] AndroidManifest.xml:80:9-82:42
	android:process
		ADDED from [:PushSDK] AndroidManifest.xml:82:13-39
	android:name